# Logfile created on Wed Oct 14 14:27:59 +0800 2009 by /
CHANNEL industry_news
  LIST START AT 2009-10-14 14:27:59
  LIST END AT 2009-10-14 14:28:05
  DETAIL START AT 2009-10-14 14:28:05
  DETAIL END AT 2009-10-14 14:37:40
  SAVE START AT 2009-10-14 14:37:40
  SAVE END AT 2009-10-14 14:41:38
CHANNEL international_industry_news
  LIST START AT 2009-10-14 14:41:38
  LIST END AT 2009-10-14 14:41:44
  DETAIL START AT 2009-10-14 14:41:44
  DETAIL END AT 2009-10-14 14:51:11
  SAVE START AT 2009-10-14 14:51:11
  SAVE END AT 2009-10-14 14:55:09
CHANNEL enterprise_news
  LIST START AT 2009-10-14 14:55:09
  LIST END AT 2009-10-14 14:55:16
  DETAIL START AT 2009-10-14 14:55:16
  DETAIL END AT 2009-10-14 15:04:38
  SAVE START AT 2009-10-14 15:04:38
  SAVE END AT 2009-10-14 15:09:21
CHANNEL international_enterprise_news
  LIST START AT 2009-10-14 15:09:21
  LIST END AT 2009-10-14 15:09:33
  DETAIL START AT 2009-10-14 15:09:33
  DETAIL END AT 2009-10-14 15:20:16
  SAVE START AT 2009-10-14 15:20:17
  SAVE END AT 2009-10-14 15:25:03
END
